\BOOKMARK [0][-]{bm@frontpage.0}{\376\377\134\001\227\142}{}% 1
\BOOKMARK [0][-]{bm@abstractname.0}{\376\377\144\130\211\201}{}% 2
\BOOKMARK [0][-]{bm@ABSTRACTNAME.0}{\376\377\000A\000b\000s\000t\000r\000a\000c\000t}{}% 3
\BOOKMARK [0][-]{bm@contentsname.0}{\376\377\166\356\137\125}{}% 4
\BOOKMARK [0][-]{bm@listfigurename.0}{\376\377\126\376\166\356\137\125}{}% 5
\BOOKMARK [0][-]{bm@listtablename.0}{\376\377\210\150\166\356\137\125}{}% 6
\BOOKMARK [0][-]{chapter.1}{\376\377\173\054\0001\172\340\000\040\000\040\176\352\213\272}{}% 7
\BOOKMARK [1][-]{section.1.1}{\376\377\0001\000.\0001\000\040\170\024\172\166\200\314\146\157}{chapter.1}% 8
\BOOKMARK [1][-]{section.1.2}{\376\377\0001\000.\0002\000\040\126\375\121\205\131\026\170\024\172\166\163\260\162\266}{chapter.1}% 9
\BOOKMARK [1][-]{section.1.3}{\376\377\0001\000.\0003\000\040\142\200\147\057\133\371\153\324}{chapter.1}% 10
\BOOKMARK [1][-]{section.1.4}{\376\377\0001\000.\0004\000\040\147\054\172\340\134\017\176\323}{chapter.1}% 11
\BOOKMARK [0][-]{chapter.2}{\376\377\173\054\0002\172\340\000\040\000\040\000R\000I\000S\000C\000-\000V\131\004\164\006\126\150\116\313\176\315}{}% 12
\BOOKMARK [1][-]{section.2.1}{\376\377\0002\000.\0001\000\040\000R\000I\000S\000C\000-\000V\131\004\164\006\126\150\143\007\116\344\226\306}{chapter.2}% 13
\BOOKMARK [2][-]{subsection.2.1.1}{\376\377\0002\000.\0001\000.\0001\000\040\143\007\116\344\226\306\150\074\137\017}{section.2.1}% 14
\BOOKMARK [2][-]{subsection.2.1.2}{\376\377\0002\000.\0001\000.\0002\000\040\220\032\165\050\133\304\133\130\126\150}{section.2.1}% 15
\BOOKMARK [2][-]{subsection.2.1.3}{\376\377\0002\000.\0001\000.\0003\000\040\143\007\116\344\226\306\142\151\134\125}{section.2.1}% 16
\BOOKMARK [2][-]{subsection.2.1.4}{\376\377\0002\000.\0001\000.\0004\000\040\162\171\147\103\143\007\116\344\226\306}{section.2.1}% 17
\BOOKMARK [1][-]{section.2.2}{\376\377\0002\000.\0002\000\040\000R\000I\000S\000C\000-\000V\154\107\177\026}{chapter.2}% 18
\BOOKMARK [2][-]{subsection.2.2.1}{\376\377\0002\000.\0002\000.\0001\000\040\177\026\213\321\126\150}{section.2.2}% 19
\BOOKMARK [2][-]{subsection.2.2.2}{\376\377\0002\000.\0002\000.\0002\000\040\154\107\177\026\126\150}{section.2.2}% 20
\BOOKMARK [2][-]{subsection.2.2.3}{\376\377\0002\000.\0002\000.\0003\000\040\224\376\143\245\126\150}{section.2.2}% 21
\BOOKMARK [2][-]{subsection.2.2.4}{\376\377\0002\000.\0002\000.\0004\000\040\122\240\217\175\126\150}{section.2.2}% 22
\BOOKMARK [1][-]{section.2.3}{\376\377\0002\000.\0003\000\040\147\054\172\340\134\017\176\323}{chapter.2}% 23
\BOOKMARK [0][-]{chapter.3}{\376\377\173\054\0003\172\340\000\040\000\040\000R\000I\000S\000C\000-\000V\131\004\164\006\126\150\213\276\213\241}{}% 24
\BOOKMARK [1][-]{section.3.1}{\376\377\0003\000.\0001\000\040\123\326\143\007\123\125\121\103\377\010\000I\000F\000U\377\011}{chapter.3}% 25
\BOOKMARK [1][-]{section.3.2}{\376\377\0003\000.\0002\000\040\213\321\170\001\123\125\121\103\377\010\000I\000D\000U\377\011}{chapter.3}% 26
\BOOKMARK [2][-]{subsection.3.2.1}{\376\377\0003\000.\0002\000.\0001\000\040\213\321\170\001\126\150}{section.3.2}% 27
\BOOKMARK [2][-]{subsection.3.2.2}{\376\377\0003\000.\0002\000.\0002\000\040\213\321\170\001\126\150}{section.3.2}% 28
\BOOKMARK [1][-]{section.3.3}{\376\377\0003\000.\0003\000\040\142\147\210\114\123\125\121\103\377\010\000E\000X\000U\377\011}{chapter.3}% 29
\BOOKMARK [2][-]{subsection.3.3.1}{\376\377\0003\000.\0003\000.\0001\000\040\122\240\154\325\126\150}{section.3.3}% 30
\BOOKMARK [2][-]{subsection.3.3.2}{\376\377\0003\000.\0003\000.\0002\000\040\153\324\217\203\126\150}{section.3.3}% 31
\BOOKMARK [2][-]{subsection.3.3.3}{\376\377\0003\000.\0003\000.\0003\000\040\171\373\117\115\126\150}{section.3.3}% 32
\BOOKMARK [1][-]{section.3.4}{\376\377\0003\000.\0004\000\040\213\277\133\130\123\125\121\103\377\010\000L\000S\000U\377\011}{chapter.3}% 33
\BOOKMARK [1][-]{section.3.5}{\376\377\0003\000.\0005\000\040\121\231\126\336\123\125\121\103\377\010\000W\000B\000U\377\011}{chapter.3}% 34
\BOOKMARK [1][-]{section.3.6}{\376\377\0003\000.\0006\000\040\147\054\172\340\134\017\176\323}{chapter.3}% 35
\BOOKMARK [0][-]{chapter.4}{\376\377\173\054\0004\172\340\000\040\000\040\131\004\164\006\126\150\166\370\121\163\142\200\147\057\213\276\213\241}{}% 36
\BOOKMARK [1][-]{section.4.1}{\376\377\0004\000.\0001\000\040\140\073\176\277}{chapter.4}% 37
\BOOKMARK [2][-]{subsection.4.1.1}{\376\377\0004\000.\0001\000.\0001\000\040\121\205\220\350\140\073\176\277}{section.4.1}% 38
\BOOKMARK [2][-]{subsection.4.1.2}{\376\377\0004\000.\0001\000.\0002\000\040\174\373\176\337\140\073\176\277}{section.4.1}% 39
\BOOKMARK [1][-]{section.4.2}{\376\377\0004\000.\0002\000\040\174\373\176\337\117\030\123\026}{chapter.4}% 40
\BOOKMARK [2][-]{subsection.4.2.1}{\376\377\0004\000.\0002\000.\0001\000\040\133\130\120\250\117\030\123\026\040\024\040\024\232\330\220\037\177\023\133\130}{section.4.2}% 41
\BOOKMARK [2][-]{subsection.4.2.2}{\376\377\0004\000.\0002\000.\0002\000\040\136\166\210\114\117\030\123\026\040\024\040\024\155\101\154\064\176\277}{section.4.2}% 42
\BOOKMARK [1][-]{section.4.3}{\376\377\0004\000.\0003\000\040\147\054\172\340\134\017\176\323}{chapter.4}% 43
\BOOKMARK [0][-]{chapter.5}{\376\377\173\054\0005\172\340\000\040\000\040\116\377\167\037\155\113\213\325}{}% 44
\BOOKMARK [1][-]{section.5.1}{\376\377\0005\000.\0001\000\040\000v\000e\000r\000i\000l\000a\000t\000o\000r\116\377\167\037}{chapter.5}% 45
\BOOKMARK [1][-]{section.5.2}{\376\377\0005\000.\0002\000\040\217\157\170\154\116\366\135\356\122\006\155\113\213\325}{chapter.5}% 46
\BOOKMARK [0][-]{chapter.6}{\376\377\173\054\0006\172\340\000\040\000\040\140\073\176\323\124\214\134\125\147\033\000\040}{}% 47
\BOOKMARK [1][-]{section.6.1}{\376\377\0006\000.\0001\000\040\147\054\145\207\140\073\176\323}{chapter.6}% 48
\BOOKMARK [1][-]{section.6.2}{\376\377\0006\000.\0002\000\040\147\052\147\145\134\125\147\033}{chapter.6}% 49
\BOOKMARK [0][-]{section*.46}{\376\377\123\302\200\003\145\207\163\056}{}% 50
\BOOKMARK [0][-]{section*.48}{\376\377\201\364\214\042}{}% 51
